* RX FAMILY ASSEMBLER V.1.02.00.000 *  SOURCE LIST  Sun Nov 10 22:46:20 2013

LOC.     OBJ.              0XMDA SOURCE STATEMENT

                                 ;       1 /***********************************************************************/
                                 ;       2 /*                                                                     */
                                 ;       3 /*  FILE        :dbsct.c                                               */
                                 ;       4 /*  DATE        :Fri, Jun 12, 2009                                     */
                                 ;       5 /*  DESCRIPTION :Setting of B,R Section                                */
                                 ;       6 /*  CPU TYPE    :Other                                                 */
                                 ;       7 /*                                                                     */
                                 ;       8 /*  This file is generated by Renesas Project Generator (Ver.4.13).    */
                                 ;       9 /*                                                                     */
                                 ;      10 /***********************************************************************/
                                 ;      11                   
                                 ;      12 
                                 ;      13 
                                 ;      14 #include "typedefine.h"
                                 ;       1 /***********************************************************************/
                                 ;       2 /*                                                                     */
                                 ;       3 /*  FILE        :typedefine.h                                          */
                                 ;       4 /*  DATE        :Wed, Aug 27, 2008                                     */
                                 ;       5 /*  DESCRIPTION :define scalar types.                                  */
                                 ;       6 /*  CPU GROUP   :118                                                   */
                                 ;       7 /*                                                                     */
                                 ;       8 /*  This file is generated by Renesas Project Generator (Ver.4.8).     */
                                 ;       9 /*                                                                     */
                                 ;      10 /***********************************************************************/
                                 ;      11 
                                 ;      12 /*********************************************************
                                 ;      13  *  Copyright(c) 2005 Renesas Electronics Corp.
                                 ;      14  *  And Renesas Solutions Corp.,All Rights Reserved. 
                                 ;      15  * 
                                 ;      16  *  typedefine.h
                                 ;      17  *  Function: typedef for startup
                                 ;      18  *
                                 ;      19  *  $Date: 2006/02/13 02:57:05 $
                                 ;      20  *  $Revision: 1.1.1.1 $
                                 ;      21  *
                                 ;      22  *******************************************/
                                 ;      23 #ifndef __TYPEDEF__
                                 ;      24 typedef signed char        _SBYTE;
                                 ;      25 typedef unsigned char      _UBYTE;
                                 ;      26 typedef signed short       _SWORD;
                                 ;      27 typedef unsigned short     _UWORD;
                                 ;      28 typedef signed int         _SINT;
                                 ;      29 typedef unsigned int       _UINT;
                                 ;      30 typedef signed long        _SDWORD;
                                 ;      31 typedef unsigned long      _UDWORD;
                                 ;      32 typedef signed long long   _SQDWORD;
                                 ;      33 typedef unsigned long long _UQDWORD;
                                 ;      34 #endif
                                 ;      35 #define __TYPEDEF__
                                 ;      36 
                                 ;      15 
                                 ;      16 #pragma unpack
                                 ;      17 
                                 ;      18 #pragma section $DSEC
                                 ;      19 extern const struct {
                                 ;      20     _UBYTE *rom_s;       /* Start address of the initialized data section in ROM */
                                 ;      21     _UBYTE *rom_e;       /* End address of the initialized data section in ROM   */
                                 ;      22     _UBYTE *ram_s;       /* Start address of the initialized data section in RAM */
                                 ;      23 }   DTBL[] = {
                                 ;      24     { __sectop("D"),   __secend("D"),   __sectop("R")   },
                                 ;      25     { __sectop("D_2"), __secend("D_2"), __sectop("R_2") },
                                 ;      26     { __sectop("D_1"), __secend("D_1"), __sectop("R_1") }
                                 ;      27 };
                                 ;      28 #pragma section $BSEC
                                 ;      29 extern const struct {
                                 ;      30     _UBYTE *b_s;         /* Start address of non-initialized data section */
                                 ;      31     _UBYTE *b_e;         /* End address of non-initialized data section */
                                 ;      32 }   BTBL[] = {
                                 ;      33     { __sectop("B"),   __secend("B")   },
                                 ;      34     { __sectop("B_2"), __secend("B_2") },
                                 ;      35     { __sectop("B_1"), __secend("B_1") }
                                 ;      36 };
                                 ;      37 
                                 ;      38 #pragma section
                                 ;      39 
                                 ;      40 /*
                                 ;      41 ** CTBL prevents excessive output of L1100 messages when linking.
                                 ;      42 ** Even if CTBL is deleted, the operation of the program does not change.
                                 ;      43 */
                                 ;      44 _UBYTE *CTBL[] = {
                                 ;      45     __sectop("C_1"),   __sectop("C_2"),   __sectop("C"),
                                 ;      46     __sectop("CST_1"), __sectop("CST_2"), __sectop("CST")
                                 ;      47 };
                                 ;      48 
                                 ;      49 #pragma packoption
                                 ;      50 
                                 ;      51 /* This is to ensure compatibility with new L section in version 1.1 and up
                                 ;      52    of the RXC compiler.  Do not remove! */
                                 ;      53 #pragma section C L
                                 ;      54 const unsigned long deadSpace = 0xDEADDEAD ;
                                 ;      55 #pragma section   
                                 ;RX Family C/C++ Compiler (V.1.02.00.000)  10-Nov-2013 22:46:1
                                 
                                 ;*** CPU TYPE ***
                                 
                                 ;-CPU=RX600
                                 
                                 ;*** COMMAND PARAMETER ***
                                 
                                 ;-output=src=C:\Users\Sandesh\AppData\Local\Temp\tcs2199\dbsct.src
                                 ;-nologo
                                 ;-cpu=rx600
                                 ;-lang=c99
                                 ;-include=C:\Users\Sandesh\Documents\GitHub\rx62n\projects\CAN\CAN\src\..\src
                                 ;-define=NOT_USE_CAN_POLL=1,NOT_DEBUG=1
                                 ;-debug
                                 ;-show=source
                                 ;C:\Users\Sandesh\Documents\GitHub\rx62n\projects\CAN\CAN\src\dbsct.c
                                 
                                 ;C LABEL    INSTRUCTION OPERAND    COMMENT
                                 ;LineNo. C-SOURCE STATEMENT
                                 
                                             .SECTION    C$DSEC,ROMDATA,ALIGN=4
                                             .glb        _DTBL
00000000                         _DTBL:                             ; static: DTBL
00000000 rrrrrrrr                            .lword      TOPOF D
00000004 rrrrrrrr                            .lword      TOPOF D+SIZEOF D
00000008 rrrrrrrr                            .lword      TOPOF R
0000000C rrrrrrrr                            .lword      TOPOF D_2
00000010 rrrrrrrr                            .lword      TOPOF D_2+SIZEOF D_2
00000014 rrrrrrrr                            .lword      TOPOF R_2
00000018 rrrrrrrr                            .lword      TOPOF D_1
0000001C rrrrrrrr                            .lword      TOPOF D_1+SIZEOF D_1
00000020 rrrrrrrr                            .lword      TOPOF R_1
                                             .SECTION    C$BSEC,ROMDATA,ALIGN=4
                                             .glb        _BTBL
00000000                         _BTBL:                             ; static: BTBL
00000000 rrrrrrrr                            .lword      TOPOF B
00000004 rrrrrrrr                            .lword      TOPOF B+SIZEOF B
00000008 rrrrrrrr                            .lword      TOPOF B_2
0000000C rrrrrrrr                            .lword      TOPOF B_2+SIZEOF B_2
00000010 rrrrrrrr                            .lword      TOPOF B_1
00000014 rrrrrrrr                            .lword      TOPOF B_1+SIZEOF B_1
                                             .SECTION    L,ROMDATA,ALIGN=4
                                             .glb        _deadSpace
00000000                         _deadSpace:                        ; static: deadSpace
00000000 ADDEADDE                            .lword      0DEADDEADH
                                             .SECTION    D,ROMDATA,ALIGN=4
                                             .glb        _CTBL
00000000                         _CTBL:                             ; static: CTBL
00000000 rrrrrrrr                            .lword      TOPOF C_1
00000004 rrrrrrrr                            .lword      TOPOF C_2
00000008 rrrrrrrr                            .lword      TOPOF C
0000000C rrrrrrrr                            .lword      TOPOF CST_1
00000010 rrrrrrrr                            .lword      TOPOF CST_2
00000014 rrrrrrrr                            .lword      TOPOF CST
                                             .SECTION    R,DATA,ALIGN=4
                                             .SECTION    D_2,ROMDATA,ALIGN=2
                                             .SECTION    R_2,DATA,ALIGN=2
                                             .SECTION    D_1,ROMDATA
                                             .SECTION    R_1,DATA
                                             .SECTION    B,DATA,ALIGN=4
                                             .SECTION    B_2,DATA,ALIGN=2
                                             .SECTION    B_1,DATA
                                             .SECTION    C_1,ROMDATA
                                             .SECTION    C_2,ROMDATA,ALIGN=2
                                             .SECTION    C,ROMDATA,ALIGN=4
                                             .SECTION    CST_1,DATA
                                             .SECTION    CST_2,DATA,ALIGN=2
                                             .SECTION    CST,DATA,ALIGN=4
                                             .END

Information List

TOTAL ERROR(S)    00000
TOTAL WARNING(S)  00000
TOTAL LINE(S)     00161   LINES

Section List

Attr         Size               Name
ROMDATA  0000000036(00000024H)  C$DSEC
ROMDATA  0000000024(00000018H)  D
DATA     0000000000(00000000H)  R
ROMDATA  0000000000(00000000H)  D_2
DATA     0000000000(00000000H)  R_2
ROMDATA  0000000000(00000000H)  D_1
DATA     0000000000(00000000H)  R_1
ROMDATA  0000000024(00000018H)  C$BSEC
DATA     0000000000(00000000H)  B
DATA     0000000000(00000000H)  B_2
DATA     0000000000(00000000H)  B_1
ROMDATA  0000000004(00000004H)  L
ROMDATA  0000000000(00000000H)  C_1
ROMDATA  0000000000(00000000H)  C_2
ROMDATA  0000000000(00000000H)  C
DATA     0000000000(00000000H)  CST_1
DATA     0000000000(00000000H)  CST_2
DATA     0000000000(00000000H)  CST

Cpu Type

-CPU=RX600

Command Parameter

-output=C:\Users\Sandesh\Documents\GitHub\rx62n\projects\CAN\CAN\Debug\dbsct.obj
-nologo
-cpu=rx600
-debug
-listfile=C:\Users\Sandesh\Documents\GitHub\rx62n\projects\CAN\CAN\Debug\dbsct.lst
