* RX FAMILY ASSEMBLER V.1.02.00.000 *  SOURCE LIST  Sun Nov 10 22:46:20 2013

LOC.     OBJ.              0XMDA SOURCE STATEMENT

                                 ;       1 /***********************************************************************/
                                 ;       2 /*                                                                     */
                                 ;       3 /*  FILE        :vecttbl.c                                             */
                                 ;       4 /*  DATE        :Fri, Jun 12, 2009                                     */
                                 ;       5 /*  DESCRIPTION :Initialize of Vector Table                            */
                                 ;       6 /*  CPU TYPE    :Other                                                 */
                                 ;       7 /*                                                                     */
                                 ;       8 /*  This file is generated by Renesas Project Generator (Ver.4.13).    */
                                 ;       9 /*                                                                     */
                                 ;      10 /***********************************************************************/
                                 ;      11                   
                                 ;      12 
                                 ;      13 
                                 ;      14 #include "vect.h"
                                 ;       1 /***********************************************************************/
                                 ;       2 /*                                                                     */
                                 ;       3 /*  FILE        :vect.h                                                */
                                 ;       4 /*  DATE        :Fri, Jun 12, 2009                                     */
                                 ;       5 /*  DESCRIPTION :Definition of Vector                                  */
                                 ;       6 /*  CPU TYPE    :Other                                                 */
                                 ;       7 /*                                                                     */
                                 ;       8 /*  This file is generated by Renesas Project Generator (Ver.4.13).    */
                                 ;       9 /*                                                                     */
                                 ;      10 /***********************************************************************/
                                 ;      11                   
                                 ;      12 
                                 ;      13 
                                 ;      14 
                                 ;      15 // Exception(Supervisor Instruction)
                                 ;      16 #pragma interrupt (Excep_SuperVisorInst)
                                 ;      17 void Excep_SuperVisorInst(void);
                                 ;      18 
                                 ;      19 // Exception(Access)
                                 ;      20 #pragma interrupt (Excep_Access(notable))
                                 ;      21 void Excep_Access(void);
                                 ;      22 
                                 ;      23 // Exception(Undefined Instruction)
                                 ;      24 #pragma interrupt (Excep_UndefinedInst)
                                 ;      25 void Excep_UndefinedInst(void);
                                 ;      26 
                                 ;      27 // Exception(Floating Point)
                                 ;      28 #pragma interrupt (Excep_FloatingPoint)
                                 ;      29 void Excep_FloatingPoint(void);
                                 ;      30 
                                 ;      31 // NMI
                                 ;      32 #pragma interrupt (NonMaskableInterrupt)
                                 ;      33 void NonMaskableInterrupt(void);
                                 ;      34 
                                 ;      35 // Dummy
                                 ;      36 #pragma interrupt (Dummy)
                                 ;      37 void Dummy(void);
                                 ;      38 
                                 ;      39 // BRK
                                 ;      40 #pragma interrupt (Expep_BRK(vect=0))
                                 ;      41 void Expep_BRK(void);
                                 ;      42 
                                 ;      43 //;<<VECTOR DATA START (POWER ON RESET)>>
                                 ;      44 //;Power On Reset PC
                                 ;      45 extern void PowerON_Reset_PC(void);                                                                                                                
                                 ;      46 //;<<VECTOR DATA END (POWER ON RESET)>>
                                 ;      47 
                                 ;      15 
                                 ;      16 #pragma section C FIXEDVECT
                                 ;      17 
                                 ;      18 void* const Fixed_Vectors[] = {
                                 ;      19 //;0xf-fd0  Exception(Supervisor Instruction)
                                 ;      20     (void*) Excep_SuperVisorInst,
                                 ;      21 //;0xf-fd4  Exception(Access)
                                 ;      22     (void*) Excep_Access,
                                 ;      23 //;0xf-fd8  Reserved
                                 ;      24     Dummy,
                                 ;      25 //;0xf-fdc  Exception(Undefined Instruction)
                                 ;      26     (void*) Excep_UndefinedInst,
                                 ;      27 //;0xf-fe0  Reserved
                                 ;      28     Dummy,
                                 ;      29 //;0xf-fe4  Exception(Floating Point)
                                 ;      30     (void*) Excep_FloatingPoint,
                                 ;      31 //;0xf-fe8  Reserved
                                 ;      32     Dummy,
                                 ;      33 //;0xf-fec  Reserved
                                 ;      34     Dummy,
                                 ;      35 //;0xf-ff0  Reserved
                                 ;      36     Dummy,
                                 ;      37 //;0xf-ff4  Reserved
                                 ;      38     Dummy,
                                 ;      39 //;0xf-ff8  NMI
                                 ;      40     (void*) NonMaskableInterrupt,
                                 ;      41 //;0xf-ffc  RESET
                                 ;      42 //;<<VECTOR DATA START (POWER ON RESET)>>
                                 ;      43 //;Power On Reset PC
                                 ;      44 PowerON_Reset_PC                                                                                                                             
                                 ;      45 //;<<VECTOR DATA END (POWER ON RESET)>>
                                 ;      46 };
                                 ;      47 /* eof */
                                 ;RX Family C/C++ Compiler (V.1.02.00.000)  10-Nov-2013 22:46:2
                                 
                                 ;*** CPU TYPE ***
                                 
                                 ;-CPU=RX600
                                 
                                 ;*** COMMAND PARAMETER ***
                                 
                                 ;-output=src=C:\Users\Sandesh\AppData\Local\Temp\lbt219D\vecttbl.src
                                 ;-nologo
                                 ;-cpu=rx600
                                 ;-lang=c99
                                 ;-include=C:\Users\Sandesh\Documents\GitHub\rx62n\projects\CAN\CAN\src\..\src
                                 ;-define=NOT_USE_CAN_POLL=1,NOT_DEBUG=1
                                 ;-debug
                                 ;-show=source
                                 ;C:\Users\Sandesh\Documents\GitHub\rx62n\projects\CAN\CAN\src\vecttbl.c
                                 
                                 ;C LABEL    INSTRUCTION OPERAND    COMMENT
                                 ;LineNo. C-SOURCE STATEMENT
                                 
                                             .glb        _Excep_SuperVisorInst
                                             .glb        _Excep_Access
                                             .glb        _Excep_UndefinedInst
                                             .glb        _Excep_FloatingPoint
                                             .glb        _NonMaskableInterrupt
                                             .glb        _Dummy
                                             .glb        _PowerON_Reset_PC
                                             .SECTION    FIXEDVECT,ROMDATA,ALIGN=4
                                             .glb        _Fixed_Vectors
00000000                         _Fixed_Vectors:                    ; static: Fixed_Vectors
00000000 rrrrrrrr                            .lword      _Excep_SuperVisorInst
00000004 rrrrrrrr                            .lword      _Excep_Access
00000008 rrrrrrrr                            .lword      _Dummy
0000000C rrrrrrrr                            .lword      _Excep_UndefinedInst
00000010 rrrrrrrr                            .lword      _Dummy
00000014 rrrrrrrr                            .lword      _Excep_FloatingPoint
00000018 rrrrrrrr                            .lword      _Dummy
0000001C rrrrrrrr                            .lword      _Dummy
00000020 rrrrrrrr                            .lword      _Dummy
00000024 rrrrrrrr                            .lword      _Dummy
00000028 rrrrrrrr                            .lword      _NonMaskableInterrupt
0000002C rrrrrrrr                            .lword      _PowerON_Reset_PC
                                             .END

Information List

TOTAL ERROR(S)    00000
TOTAL WARNING(S)  00000
TOTAL LINE(S)     00138   LINES

Section List

Attr         Size               Name
ROMDATA  0000000048(00000030H)  FIXEDVECT

Cpu Type

-CPU=RX600

Command Parameter

-output=C:\Users\Sandesh\Documents\GitHub\rx62n\projects\CAN\CAN\Debug\vecttbl.obj
-nologo
-cpu=rx600
-debug
-listfile=C:\Users\Sandesh\Documents\GitHub\rx62n\projects\CAN\CAN\Debug\vecttbl.lst
